c:\users\yeuwen\my-code-journey\基于多态的职工管理系统\x64\debug\vc142.pdb
c:\users\yeuwen\my-code-journey\基于多态的职工管理系统\x64\debug\vc142.idb
c:\users\yeuwen\my-code-journey\基于多态的职工管理系统\x64\debug\职工管理系统.obj
c:\users\yeuwen\my-code-journey\基于多态的职工管理系统\x64\debug\workermanager.obj
c:\users\yeuwen\my-code-journey\基于多态的职工管理系统\x64\debug\manager.obj
c:\users\yeuwen\my-code-journey\基于多态的职工管理系统\x64\debug\employee.obj
c:\users\yeuwen\my-code-journey\基于多态的职工管理系统\x64\debug\boss.obj
c:\users\yeuwen\my-code-journey\基于多态的职工管理系统\x64\debug\基于多态的职工管理系统.pdb
c:\users\yeuwen\my-code-journey\基于多态的职工管理系统\x64\debug\基于多态的职工管理系统.tlog\cl.command.1.tlog
c:\users\yeuwen\my-code-journey\基于多态的职工管理系统\x64\debug\基于多态的职工管理系统.tlog\cl.read.1.tlog
c:\users\yeuwen\my-code-journey\基于多态的职工管理系统\x64\debug\基于多态的职工管理系统.tlog\cl.write.1.tlog
c:\users\yeuwen\my-code-journey\基于多态的职工管理系统\x64\debug\基于多态的职工管理系统.tlog\link.144412-cvtres.read.1.tlog
c:\users\yeuwen\my-code-journey\基于多态的职工管理系统\x64\debug\基于多态的职工管理系统.tlog\link.144412-cvtres.write.1.tlog
c:\users\yeuwen\my-code-journey\基于多态的职工管理系统\x64\debug\基于多态的职工管理系统.tlog\link.144412-rc.read.1.tlog
c:\users\yeuwen\my-code-journey\基于多态的职工管理系统\x64\debug\基于多态的职工管理系统.tlog\link.144412-rc.write.1.tlog
c:\users\yeuwen\my-code-journey\基于多态的职工管理系统\x64\debug\基于多态的职工管理系统.tlog\link.144412.read.1.tlog
c:\users\yeuwen\my-code-journey\基于多态的职工管理系统\x64\debug\基于多态的职工管理系统.tlog\link.144412.write.1.tlog
c:\users\yeuwen\my-code-journey\基于多态的职工管理系统\x64\debug\基于多态的职工管理系统.tlog\link.command.1.tlog
c:\users\yeuwen\my-code-journey\基于多态的职工管理系统\x64\debug\基于多态的职工管理系统.tlog\link.read.1.tlog
c:\users\yeuwen\my-code-journey\基于多态的职工管理系统\x64\debug\基于多态的职工管理系统.tlog\link.write.1.tlog
